[INFO] Extracting /private/var/folders/9c/5hhjzm5n71x4xjm5jf4x9b5r0000gq/T/tex2pdf.-1c27899dc5d3cd59/0a154557bdd3db9970f216dc68335dcaf9efee7d.png...
[INFO] Extracting /private/var/folders/9c/5hhjzm5n71x4xjm5jf4x9b5r0000gq/T/tex2pdf.-1c27899dc5d3cd59/0aa92e26b28ad0e84b2e73a77a825f405bf29bb3.png...
[INFO] Extracting /private/var/folders/9c/5hhjzm5n71x4xjm5jf4x9b5r0000gq/T/tex2pdf.-1c27899dc5d3cd59/0cd40e3e3ffb599a301b6c751f2687da86336e6f.tiff...
[INFO] Extracting /private/var/folders/9c/5hhjzm5n71x4xjm5jf4x9b5r0000gq/T/tex2pdf.-1c27899dc5d3cd59/133bfef92e963f30213d6774fc496397e9c1374e.png...
[INFO] Extracting /private/var/folders/9c/5hhjzm5n71x4xjm5jf4x9b5r0000gq/T/tex2pdf.-1c27899dc5d3cd59/1366358e1b5b6da9f435c5baafb8a74f8c65a03d.png...
[INFO] Extracting /private/var/folders/9c/5hhjzm5n71x4xjm5jf4x9b5r0000gq/T/tex2pdf.-1c27899dc5d3cd59/19646670a45b1d03374cff72e2c902de8a93feaf.png...
[INFO] Extracting /private/var/folders/9c/5hhjzm5n71x4xjm5jf4x9b5r0000gq/T/tex2pdf.-1c27899dc5d3cd59/19b564d534c290db536b27809755afa1402f7696.png...
[INFO] Extracting /private/var/folders/9c/5hhjzm5n71x4xjm5jf4x9b5r0000gq/T/tex2pdf.-1c27899dc5d3cd59/1bcd282f37d70bd113b39561a677e7e44c71e7ab.png...
[INFO] Extracting /private/var/folders/9c/5hhjzm5n71x4xjm5jf4x9b5r0000gq/T/tex2pdf.-1c27899dc5d3cd59/1ca40fd20e1bec677a44bdb75ff1083cff7203a8.png...
[INFO] Extracting /private/var/folders/9c/5hhjzm5n71x4xjm5jf4x9b5r0000gq/T/tex2pdf.-1c27899dc5d3cd59/1de32e641c1491e40f412d9f1b4544e5a79e2d03.png...
[INFO] Extracting /private/var/folders/9c/5hhjzm5n71x4xjm5jf4x9b5r0000gq/T/tex2pdf.-1c27899dc5d3cd59/257532ed88d5ce8ed3174292ba386432126894b8.png...
[INFO] Extracting /private/var/folders/9c/5hhjzm5n71x4xjm5jf4x9b5r0000gq/T/tex2pdf.-1c27899dc5d3cd59/2f898fdd65d112bee616a4aa402e1b1c70dae345.eps...
[INFO] Extracting /private/var/folders/9c/5hhjzm5n71x4xjm5jf4x9b5r0000gq/T/tex2pdf.-1c27899dc5d3cd59/3ea9424251cf2b9ddaa21eb9c1023afde44b2429.png...
[INFO] Extracting /private/var/folders/9c/5hhjzm5n71x4xjm5jf4x9b5r0000gq/T/tex2pdf.-1c27899dc5d3cd59/4eee436c05146bacf9be4c9888facd3330def7ed.png...
[INFO] Extracting /private/var/folders/9c/5hhjzm5n71x4xjm5jf4x9b5r0000gq/T/tex2pdf.-1c27899dc5d3cd59/4f3b9844b60470828f1627d5f9f22c75d9a92014.png...
[INFO] Extracting /private/var/folders/9c/5hhjzm5n71x4xjm5jf4x9b5r0000gq/T/tex2pdf.-1c27899dc5d3cd59/579fd1441a943cd64437feed5188c945788a5f3c.jpg...
[INFO] Extracting /private/var/folders/9c/5hhjzm5n71x4xjm5jf4x9b5r0000gq/T/tex2pdf.-1c27899dc5d3cd59/597432f073b39cf99bdf71e68daf06c3e0f96bb8.jpg...
[INFO] Extracting /private/var/folders/9c/5hhjzm5n71x4xjm5jf4x9b5r0000gq/T/tex2pdf.-1c27899dc5d3cd59/6557493c3bd6bf038a8836a01b445ed3671e93f8.png...
[INFO] Extracting /private/var/folders/9c/5hhjzm5n71x4xjm5jf4x9b5r0000gq/T/tex2pdf.-1c27899dc5d3cd59/782ac227cff1f49e9cf746c5d2fdfc925ad42ce3.png...
[INFO] Extracting /private/var/folders/9c/5hhjzm5n71x4xjm5jf4x9b5r0000gq/T/tex2pdf.-1c27899dc5d3cd59/78e2557cc3eebe0cd8aaaff24ecb49593c0e06b9.pdf...
[INFO] Extracting /private/var/folders/9c/5hhjzm5n71x4xjm5jf4x9b5r0000gq/T/tex2pdf.-1c27899dc5d3cd59/7c2946142d79e00cedbcbba90680730710758ac6.png...
[INFO] Extracting /private/var/folders/9c/5hhjzm5n71x4xjm5jf4x9b5r0000gq/T/tex2pdf.-1c27899dc5d3cd59/8019ce2f8ee7cbee5ed4eb3dfc5479570f6ef249.png...
[INFO] Extracting /private/var/folders/9c/5hhjzm5n71x4xjm5jf4x9b5r0000gq/T/tex2pdf.-1c27899dc5d3cd59/86735806d8b5cce9b97cc4a8f4b395a5a9233092.png...
[INFO] Extracting /private/var/folders/9c/5hhjzm5n71x4xjm5jf4x9b5r0000gq/T/tex2pdf.-1c27899dc5d3cd59/8722946c42fb4e4ec4f04584d65b1bfdc2803ae8.png...
[INFO] Extracting /private/var/folders/9c/5hhjzm5n71x4xjm5jf4x9b5r0000gq/T/tex2pdf.-1c27899dc5d3cd59/8dcce230c3461a1807b9c858d16ee7fb1c1e9899.png...
[INFO] Extracting /private/var/folders/9c/5hhjzm5n71x4xjm5jf4x9b5r0000gq/T/tex2pdf.-1c27899dc5d3cd59/8edda8c00d933a73b69374b416d5cbb517c4287d.png...
[INFO] Extracting /private/var/folders/9c/5hhjzm5n71x4xjm5jf4x9b5r0000gq/T/tex2pdf.-1c27899dc5d3cd59/8ff3da0d2a8093a3040d9e04319bd2eefdaed5d6.jpg...
[INFO] Extracting /private/var/folders/9c/5hhjzm5n71x4xjm5jf4x9b5r0000gq/T/tex2pdf.-1c27899dc5d3cd59/98d8d8d67f26769dbffd45816c18f9a52d039bad.png...
[INFO] Extracting /private/var/folders/9c/5hhjzm5n71x4xjm5jf4x9b5r0000gq/T/tex2pdf.-1c27899dc5d3cd59/9942dabb51cb63eae46cabb46c2173b9ee01ea8a.png...
[INFO] Extracting /private/var/folders/9c/5hhjzm5n71x4xjm5jf4x9b5r0000gq/T/tex2pdf.-1c27899dc5d3cd59/9aeb2e2b7b98128a3fc5cc741d52fc4f32449da6.png...
[INFO] Extracting /private/var/folders/9c/5hhjzm5n71x4xjm5jf4x9b5r0000gq/T/tex2pdf.-1c27899dc5d3cd59/a3b95e97345affcfdff1c21e1269bf8400b7ef4f.png...
[INFO] Extracting /private/var/folders/9c/5hhjzm5n71x4xjm5jf4x9b5r0000gq/T/tex2pdf.-1c27899dc5d3cd59/a3ebb77e6340c560f1ebd6b55c4b6ccad13f8589.png...
[INFO] Extracting /private/var/folders/9c/5hhjzm5n71x4xjm5jf4x9b5r0000gq/T/tex2pdf.-1c27899dc5d3cd59/a871268912c083bc9fa3db850ca4331b0c9a75bc.png...
[INFO] Extracting /private/var/folders/9c/5hhjzm5n71x4xjm5jf4x9b5r0000gq/T/tex2pdf.-1c27899dc5d3cd59/b83100716125fb81b08bff1f6d1d30e0caeccbd5.png...
[INFO] Extracting /private/var/folders/9c/5hhjzm5n71x4xjm5jf4x9b5r0000gq/T/tex2pdf.-1c27899dc5d3cd59/c097a1b85be5c32fc92a98769b4d1f57f3eade97.jpg...
[INFO] Extracting /private/var/folders/9c/5hhjzm5n71x4xjm5jf4x9b5r0000gq/T/tex2pdf.-1c27899dc5d3cd59/c27e808bd17081a9e6d01be51f13b3da50a03500.png...
[INFO] Extracting /private/var/folders/9c/5hhjzm5n71x4xjm5jf4x9b5r0000gq/T/tex2pdf.-1c27899dc5d3cd59/c94e687ed7290b1ddba3f7032728eeb1180bbf8c.png...
[INFO] Extracting /private/var/folders/9c/5hhjzm5n71x4xjm5jf4x9b5r0000gq/T/tex2pdf.-1c27899dc5d3cd59/d0047563dc09694ad3ac83c5022e3d4bede9bb63.png...
[INFO] Extracting /private/var/folders/9c/5hhjzm5n71x4xjm5jf4x9b5r0000gq/T/tex2pdf.-1c27899dc5d3cd59/d10ae2b967df47781218653990f853ce4e08ba3d.png...
[INFO] Extracting /private/var/folders/9c/5hhjzm5n71x4xjm5jf4x9b5r0000gq/T/tex2pdf.-1c27899dc5d3cd59/d3fc4f2ed6d3a25e04f382d86de1bea84d3f385c.png...
[INFO] Extracting /private/var/folders/9c/5hhjzm5n71x4xjm5jf4x9b5r0000gq/T/tex2pdf.-1c27899dc5d3cd59/d5522a4492c3db57863710f13f8d4588b94ee494.png...
[INFO] Extracting /private/var/folders/9c/5hhjzm5n71x4xjm5jf4x9b5r0000gq/T/tex2pdf.-1c27899dc5d3cd59/d957c4d0caf65dadc4c0f941daf6c4994f1da0b3.png...
[INFO] Extracting /private/var/folders/9c/5hhjzm5n71x4xjm5jf4x9b5r0000gq/T/tex2pdf.-1c27899dc5d3cd59/de4859c5cb0223d18fd7b42516a5f2737a65efed.png...
[INFO] Extracting /private/var/folders/9c/5hhjzm5n71x4xjm5jf4x9b5r0000gq/T/tex2pdf.-1c27899dc5d3cd59/de4fc7eddff433ea85abc32dc0810e1a4aff5bec.png...
[INFO] Extracting /private/var/folders/9c/5hhjzm5n71x4xjm5jf4x9b5r0000gq/T/tex2pdf.-1c27899dc5d3cd59/e07a874c22fcc5d2d110b171a0689981a7841634.png...
[INFO] Extracting /private/var/folders/9c/5hhjzm5n71x4xjm5jf4x9b5r0000gq/T/tex2pdf.-1c27899dc5d3cd59/f9d9e5b5c40f7dffcc121f325b69ad37a22c2b44.png...
[INFO] Extracting /private/var/folders/9c/5hhjzm5n71x4xjm5jf4x9b5r0000gq/T/tex2pdf.-1c27899dc5d3cd59/fd57e4a0ac2ed2bac17e10147a199531bf71efd8.png...
[INFO] Not rendering RawBlock (Format "html") "<!--\nPara crear PDF: make pdf\nFor italic, add one * on either side of the text\nFor bold, add two * on either side of the text\nFor bold and italic, add _** on either side of the text\nEjemplo cita: [@Cousteau1963]\nLatex: (@ref_for_eqn1) $f(x) = ax^3 + bx^2 + cx + d$\nLista desordenada:\n    - item\n    - item\n\nFor syntax highlighting in code blocks, add three \"`\"\ncharacters before and after a code block:\n\n```python\nmood = 'happy'\nif mood == 'happy':\n    print(\"I am a happy robot\")\n```\n\nAlternatively, you can also use LaTeX to create a code block as shown\nin the Java example below: \\lstinputlisting[style=javaCodeStyle,\ncaption=Main.java]{source/code/HelloWorld.java}\n\nIf you use `javaCodeStyle` as defined in the `preamble.tex`, it is\nbest to keep the maximum line length in the source code at 80\ncharacters.\n\n\nFigures can be added with the following syntax:\n![my_caption \\label{my_label}](source/figures/my_image.pdf){ width=50% }\n\nFor details on setting attributes like width and height, see:\nhttp://pandoc.org/MANUAL.html#extension-link_attributes\n\n![RV Calypso is a former British Royal Navy minesweeper converted into\na research vessel for the oceanographic researcher Jacques-Yves Cousteau.\nIt was equipped with a mobile laboratory for underwater field researc\nh. \\label{ref_a_figure}](source/figures/example_figure.pdf){ width=100% }\n\n\n-->"
[INFO] Not rendering RawBlock (Format "html") "<!-- Comienzo: 14 Mayo\n     Previsi\243n: Miercoles 22 Mayo\n     Papers \250tiles: (P0) (P7) (P8)\n-->"
[INFO] Not rendering RawBlock (Format "html") "<!-- Comienzo: 14 Mayo\n     Fin V1: 15 Mayo\n     Papers \250tiles: (P0) (P7) (P8)\n-->"
[INFO] Not rendering RawBlock (Format "html") "<!-- Comienzo: Lunes, 27 Mayo\n     Previsi\243n: Lunes, 3 de Junio\n     Papers \250tiles: (P2) (P0) (P25-P36)\n     Fin versi\243n 1: Sabado, 9 de Junio\n-->"
[INFO] Not rendering RawBlock (Format "html") "<!-- Paper 5 Apartado 5-->"
[INFO] Not rendering RawBlock (Format "html") "<!--\nDo not edit this page.\n\nReferences are automatically generated from the BibTex file (References.bib)\n\n...which you should create using your reference manager.\n-->"
[WARNING] Invalid 'lang' value 'spanish'.
  Use an IETF language tag like 'en-US'.
